Using pre-set license
Built from '2021.1/release' branch; Version is '2021.1.0f1 (61a549675243) revision 6399305'; Using compiler version '192528614'; Build Type 'Release'
OS: 'Windows 10 Home Single Language; OS build 18363.1440; Version 1909; 64bit' Language: 'tr' Physical Memory: 8114 MB
BatchMode: 1, IsHumanControllingUs: 0, StartBugReporterOnCrash: 0, Is64bit: 1, IsPro: 0

 COMMAND LINE ARGUMENTS:
C:\Program Files\Unity 2021.1.0f1\Editor\Unity.exe
-adb2
-batchMode
-noUpm
-name
AssetImportWorker0
-projectPath
C:/Users/tolga/Desktop/Git/AOSi
-logFile
Logs/AssetImportWorker0.log
-srvPort
59347
Successfully changed project path to: C:/Users/tolga/Desktop/Git/AOSi
C:/Users/tolga/Desktop/Git/AOSi
Using Asset Import Pipeline V2.
Refreshing native plugins compatible for Editor in 84.66 ms, found 1 plugins.
Preloading 0 native plugins for Editor in 0.00 ms.
Initialize engine version: 2021.1.0f1 (61a549675243)
[Subsystems] Discovering subsystems at path C:/Program Files/Unity 2021.1.0f1/Editor/Data/Resources/UnitySubsystems
[Subsystems] Discovering subsystems at path C:/Users/tolga/Desktop/Git/AOSi/Assets
GfxDevice: creating device client; threaded=0; jobified=0
Direct3D:
    Version:  Direct3D 11.0 [level 11.0]
    Renderer: NVIDIA GeForce 830M (ID=0x1340)
    Vendor:   NVIDIA
    VRAM:     2010 MB
    Driver:   27.21.14.5763
Initialize mono
Mono path[0] = 'C:/Program Files/Unity 2021.1.0f1/Editor/Data/Managed'
Mono path[1] = 'C:/Program Files/Unity 2021.1.0f1/Editor/Data/MonoBleedingEdge/lib/mono/unityjit'
Mono config path = 'C:/Program Files/Unity 2021.1.0f1/Editor/Data/MonoBleedingEdge/etc'
Using monoOptions --debugger-agent=transport=dt_socket,embedding=1,server=y,suspend=n,address=127.0.0.1:56972
Begin MonoManager ReloadAssembly
Registering precompiled unity dll's ...
Register platform support module: C:/Program Files/Unity 2021.1.0f1/Editor/Data/PlaybackEngines/WindowsStandaloneSupport/UnityEditor.WindowsStandalone.Extensions.dll
Registered in 0.004834 seconds.
Native extension for WindowsStandalone target not found
Refreshing native plugins compatible for Editor in 139.64 ms, found 1 plugins.
Preloading 0 native plugins for Editor in 0.00 ms.
Mono: successfully reloaded assembly
- Completed reload, in  3.272 seconds
Platform modules already initialized, skipping
Registering precompiled user dll's ...
Registered in 0.010089 seconds.
Begin MonoManager ReloadAssembly
Native extension for WindowsStandalone target not found
Refreshing native plugins compatible for Editor in 75.81 ms, found 1 plugins.
Preloading 0 native plugins for Editor in 0.00 ms.
Mono: successfully reloaded assembly
- Completed reload, in  1.920 seconds
Platform modules already initialized, skipping
========================================================================
Worker process is ready to serve import requests
Launched and connected shader compiler UnityShaderCompiler.exe after 0.08 seconds
Refreshing native plugins compatible for Editor in 0.70 ms, found 1 plugins.
Preloading 0 native plugins for Editor in 0.00 ms.
Unloading 1832 Unused Serialized files (Serialized files now loaded: 0)
System memory in use before: 86.7 MB.
System memory in use after: 86.8 MB.

Unloading 19 unused Assets to reduce memory usage. Loaded Objects now: 2293.
Total: 3.268600 ms (FindLiveObjects: 0.215800 ms CreateObjectMapping: 0.091200 ms MarkObjects: 2.836100 ms  DeleteObjects: 0.123700 ms)

========================================================================
Received Import Request.
  path: Assets/Scripts/YakinDovus.cs
  artifactKey: Guid(8fd457a7c2079974baa3dce8e776f3a0) Importer(815301076,1909f56bfc062723c751e8b465ee728b)
Start importing Assets/Scripts/YakinDovus.cs using Guid(8fd457a7c2079974baa3dce8e776f3a0) Importer(815301076,1909f56bfc062723c751e8b465ee728b)  -> (artifact id: '281e576e77e721944e21de54d6fd915c') in 0.890068 seconds 
========================================================================
Received Prepare
Registering precompiled user dll's ...
Registered in 0.005434 seconds.
Begin MonoManager ReloadAssembly
Native extension for WindowsStandalone target not found
Refreshing native plugins compatible for Editor in 0.68 ms, found 1 plugins.
Preloading 0 native plugins for Editor in 0.00 ms.
Mono: successfully reloaded assembly
- Completed reload, in  1.681 seconds
Platform modules already initialized, skipping
Refreshing native plugins compatible for Editor in 0.75 ms, found 1 plugins.
Preloading 0 native plugins for Editor in 0.00 ms.
Unloading 1822 Unused Serialized files (Serialized files now loaded: 0)
System memory in use before: 86.3 MB.
System memory in use after: 86.4 MB.

Unloading 7 unused Assets to reduce memory usage. Loaded Objects now: 2297.
Total: 3.362200 ms (FindLiveObjects: 0.275500 ms CreateObjectMapping: 0.147200 ms MarkObjects: 2.906500 ms  DeleteObjects: 0.030900 ms)

========================================================================
Received Import Request.
  Time since last request: 940.919543 seconds.
  path: Assets/Scripts/players-UI.cs
  artifactKey: Guid(732e1005d50eb8b4299db0c412025803) Importer(815301076,1909f56bfc062723c751e8b465ee728b)
Start importing Assets/Scripts/players-UI.cs using Guid(732e1005d50eb8b4299db0c412025803) Importer(815301076,1909f56bfc062723c751e8b465ee728b)  -> (artifact id: '84b537c0925829e42cc9a9483cbf707b') in 0.016614 seconds 
========================================================================
Received Prepare
Registering precompiled user dll's ...
Registered in 0.004384 seconds.
Begin MonoManager ReloadAssembly
Native extension for WindowsStandalone target not found
Refreshing native plugins compatible for Editor in 1.14 ms, found 1 plugins.
Preloading 0 native plugins for Editor in 0.00 ms.
Mono: successfully reloaded assembly
- Completed reload, in  3.594 seconds
Platform modules already initialized, skipping
Refreshing native plugins compatible for Editor in 1.10 ms, found 1 plugins.
Preloading 0 native plugins for Editor in 0.00 ms.
Unloading 1822 Unused Serialized files (Serialized files now loaded: 0)
System memory in use before: 86.3 MB.
System memory in use after: 86.4 MB.

Unloading 7 unused Assets to reduce memory usage. Loaded Objects now: 2301.
Total: 6.138600 ms (FindLiveObjects: 0.528100 ms CreateObjectMapping: 0.378600 ms MarkObjects: 5.191500 ms  DeleteObjects: 0.038200 ms)

========================================================================
Received Prepare
Registering precompiled user dll's ...
Registered in 0.011618 seconds.
Begin MonoManager ReloadAssembly
Native extension for WindowsStandalone target not found
Refreshing native plugins compatible for Editor in 1.34 ms, found 1 plugins.
Preloading 0 native plugins for Editor in 0.00 ms.
Mono: successfully reloaded assembly
- Completed reload, in  5.384 seconds
Platform modules already initialized, skipping
Refreshing native plugins compatible for Editor in 1.19 ms, found 1 plugins.
Preloading 0 native plugins for Editor in 0.00 ms.
Unloading 1822 Unused Serialized files (Serialized files now loaded: 0)
System memory in use before: 86.4 MB.
System memory in use after: 86.5 MB.

Unloading 7 unused Assets to reduce memory usage. Loaded Objects now: 2305.
Total: 7.164600 ms (FindLiveObjects: 0.837700 ms CreateObjectMapping: 0.687700 ms MarkObjects: 5.599000 ms  DeleteObjects: 0.034600 ms)

========================================================================
Received Prepare
Registering precompiled user dll's ...
Registered in 0.004676 seconds.
Begin MonoManager ReloadAssembly
Native extension for WindowsStandalone target not found
Refreshing native plugins compatible for Editor in 1.16 ms, found 1 plugins.
Preloading 0 native plugins for Editor in 0.00 ms.
Mono: successfully reloaded assembly
- Completed reload, in  2.930 seconds
Platform modules already initialized, skipping
Refreshing native plugins compatible for Editor in 1.75 ms, found 1 plugins.
Preloading 0 native plugins for Editor in 0.00 ms.
Unloading 1822 Unused Serialized files (Serialized files now loaded: 0)
System memory in use before: 86.4 MB.
System memory in use after: 86.5 MB.

Unloading 7 unused Assets to reduce memory usage. Loaded Objects now: 2309.
Total: 4.710600 ms (FindLiveObjects: 0.462900 ms CreateObjectMapping: 0.232600 ms MarkObjects: 3.977100 ms  DeleteObjects: 0.035300 ms)

========================================================================
Received Import Request.
  Time since last request: 8089.108659 seconds.
  path: Assets
  artifactKey: Guid(00000000000000001000000000000000) Importer(815301076,1909f56bfc062723c751e8b465ee728b)
Start importing Assets using Guid(00000000000000001000000000000000) Importer(815301076,1909f56bfc062723c751e8b465ee728b)  -> (artifact id: 'c1e3b0d4d28e3570eb9237b2a8027d38') in 0.022898 seconds 
========================================================================
Received Import Request.
  Time since last request: 10.314333 seconds.
  path: Assets/New Folder
  artifactKey: Guid(e1594eaf7fa50484c8136460f6206b32) Importer(815301076,1909f56bfc062723c751e8b465ee728b)
Start importing Assets/New Folder using Guid(e1594eaf7fa50484c8136460f6206b32) Importer(815301076,1909f56bfc062723c751e8b465ee728b)  -> (artifact id: 'f50ee7f8d82c42236b31ce30711cd668') in 0.013892 seconds 
========================================================================
Received Import Request.
  Time since last request: 34.592553 seconds.
  path: Assets/Sounds
  artifactKey: Guid(0b706d9d27d833f4192c38c9cba29a90) Importer(815301076,1909f56bfc062723c751e8b465ee728b)
Start importing Assets/Sounds using Guid(0b706d9d27d833f4192c38c9cba29a90) Importer(815301076,1909f56bfc062723c751e8b465ee728b)  -> (artifact id: '7101945a59d0d4a7fbdaf118c12fd4ec') in 0.025635 seconds 
========================================================================
Received Import Request.
  Time since last request: 87.195550 seconds.
  path: Assets/Sounds/Walking-sound-effect-rocks.mp3
  artifactKey: Guid(afb1a6c05a9d6934a8c22bd8f3487c45) Importer(815301076,1909f56bfc062723c751e8b465ee728b)
Start importing Assets/Sounds/Walking-sound-effect-rocks.mp3 using Guid(afb1a6c05a9d6934a8c22bd8f3487c45) Importer(815301076,1909f56bfc062723c751e8b465ee728b)  -> (artifact id: 'e5f52e4a30506c58e79a5697826e0603') in 0.577151 seconds 
========================================================================
Received Import Request.
  Time since last request: 0.000439 seconds.
  path: Assets/Sounds/Walking-sound-snow.mp3
  artifactKey: Guid(d1d2e080a8340f942b6723115b0180eb) Importer(815301076,1909f56bfc062723c751e8b465ee728b)
Start importing Assets/Sounds/Walking-sound-snow.mp3 using Guid(d1d2e080a8340f942b6723115b0180eb) Importer(815301076,1909f56bfc062723c751e8b465ee728b)  -> (artifact id: 'fa2dbb6d7792971fbb41358b6dd2b3ec') in 0.016071 seconds 
========================================================================
Received Import Request.
  Time since last request: 12.641791 seconds.
  path: Assets/Sounds/walking-on-a-wooden-floor-sound.mp3
  artifactKey: Guid(0031948bef6349e4783d47e32c9025c8) Importer(815301076,1909f56bfc062723c751e8b465ee728b)
Start importing Assets/Sounds/walking-on-a-wooden-floor-sound.mp3 using Guid(0031948bef6349e4783d47e32c9025c8) Importer(815301076,1909f56bfc062723c751e8b465ee728b)  -> (artifact id: 'f19a4e1b6aac9e0a811951493f88d1ed') in 0.051557 seconds 
========================================================================
Received Import Request.
  Time since last request: 44.207487 seconds.
  path: Assets/Sounds/sword-cutting-flesh-2788.wav
  artifactKey: Guid(fbe0ab0f3c89825498c19e33792c47eb) Importer(815301076,1909f56bfc062723c751e8b465ee728b)
Start importing Assets/Sounds/sword-cutting-flesh-2788.wav using Guid(fbe0ab0f3c89825498c19e33792c47eb) Importer(815301076,1909f56bfc062723c751e8b465ee728b)  -> (artifact id: '3b406bd127507b2616b1707a09f4bb1d') in 0.039410 seconds 
========================================================================
Received Import Request.
  Time since last request: 20.898467 seconds.
  path: Assets/Sounds/slap-sound-effect.mp3
  artifactKey: Guid(b1005ed2c7f7a3f4cb71a127f7a29360) Importer(815301076,1909f56bfc062723c751e8b465ee728b)
Start importing Assets/Sounds/slap-sound-effect.mp3 using Guid(b1005ed2c7f7a3f4cb71a127f7a29360) Importer(815301076,1909f56bfc062723c751e8b465ee728b)  -> (artifact id: '7977179b876dbe9fe235c0dbc680c50a') in 0.021870 seconds 
========================================================================
Received Import Request.
  Time since last request: 16.575552 seconds.
  path: Assets/Sounds/punch-sound-effect.mp3
  artifactKey: Guid(1e640b47c9182e543876fa399e5128ec) Importer(815301076,1909f56bfc062723c751e8b465ee728b)
Start importing Assets/Sounds/punch-sound-effect.mp3 using Guid(1e640b47c9182e543876fa399e5128ec) Importer(815301076,1909f56bfc062723c751e8b465ee728b)  -> (artifact id: '3e6dc60df436f2c66e002e3a74af6c02') in 0.035584 seconds 
========================================================================
Received Import Request.
  Time since last request: 26.438975 seconds.
  path: Assets/Sounds/mixkit-weak-hit-impact-2148.wav
  artifactKey: Guid(1d20f10ae17b49147bb5a4a0532329c0) Importer(815301076,1909f56bfc062723c751e8b465ee728b)
Start importing Assets/Sounds/mixkit-weak-hit-impact-2148.wav using Guid(1d20f10ae17b49147bb5a4a0532329c0) Importer(815301076,1909f56bfc062723c751e8b465ee728b)  -> (artifact id: 'c4439d2a4412fd0c7f6b77fab2729ee4') in 0.032578 seconds 
========================================================================
Received Import Request.
  Time since last request: 33.255961 seconds.
  path: Assets/Sounds/footsteps-on-tall-grass-.wav
  artifactKey: Guid(3edea945ac0a6644c8e1835930174edb) Importer(815301076,1909f56bfc062723c751e8b465ee728b)
Start importing Assets/Sounds/footsteps-on-tall-grass-.wav using Guid(3edea945ac0a6644c8e1835930174edb) Importer(815301076,1909f56bfc062723c751e8b465ee728b)  -> (artifact id: '69133578295017834d0d439a6a967e48') in 0.026291 seconds 
AssetImportWorkerClient::OnTransportError - code=2 error=End of file
